0001   0000             ;**************************************************************
0002   0000             ;
0003   0000             ; CASSETTE LOADER
0004   0000             ;
0005   0000             ;	COMPILE WITH "tasm -85 -b casslodr.asm"
0006   0000             ;
0007   0000             ;**************************************************************
0008   0000             	.org	0000H
0009   0000             
0010   0000             CONSTAT	.EQU	06H		;IO STATUS PORT
0011   0000             CONDATA	.EQU	07H		;IO DATA PORT
0012   0000             
0013   0000             ;
0014   0000             ; If required, initialize the UAR/T here.
0015   0000             ;
0016   0000             
0017   0000             ; Code assumes that SR_bit0=0=DAV and SR_bit7=0=TMBT 
0018   0000             ;
0019   0000             
0020   0000             
0021   0000             ; H=HIGH BYTE OF LOAD ADDRESS
0022   0000             ; L=VALUE OF LEADER BYTE  !
0023   0000             ; AND LENGTH OF LOADER    !!
0024   0000             ; AND LOW BYTE OF ADDRESS !!!
0025   0000 21 AE 0F    	LXI  H,00FAEH   ;4K32.cas
0026   0003             ;	LXI  H,01FC2H   ;8K40.cas
0027   0003             	
0028   0003             ;DON'T ASSUME LEADER UNTIL WE'VE
0029   0003             ;READ 64 LEADER BYTES IN A ROW
0030   0003 0E 40       SKIP    MVI	C,64		;SET LEADER COUNT
0031   0005 DB 06       STAT    IN	CONSTAT		;GET STATUS
0032   0007 0F          	RRC                     ;BIT0 >> CY
0033   0008 DA 05 00    	JC	STAT		;IF CY RETURN TO STAT
0034   000B DB 07       	IN	CONDATA		;ELSE GET BYTE
0035   000D BD          	CMP	L		;LEADER BYTE?
0036   000E C2 03 00    	JNZ	SKIP		;NO? GO RESET COUNT
0037   0011 0D          	DCR	C 		;COUNT DOWN
0038   0012 C2 05 00    	JNZ	STAT		;NOT DONE RETURN TO SAT
0039   0015             ;
0040   0015             ;ASSUME WE'RE IN LEADER
0041   0015             ;
0042   0015 31 24 00    LOOP	LXI	SP,STACK	;RESET STACK POINTER
0043   0018 DB 06       	IN	CONSTAT		;GET STATUS
0044   001A 0F          	RRC			;BYTE READY?
0045   001B D8          	RC			;NO? RETURN TO LOOP
0046   001C DB 07       	IN	CONDATA		;GET BYTE
0047   001E BD          	CMP	L		;LEADER BYTE?
0048   001F C8          	RZ			;YES? RETURN TO LOOP
0049   0020 2D          	DCR	L		;COUNT DOWN
0050   0021 77          	MOV	M,A		;LAST TO FIRST
0051   0022 C0          	RNZ			;L NOT 0? RETURN TO LOOP
0052   0023 E9          	PCHL			;JUMP TO TAPE LOADER
0053   0024 15 00       STACK	.DW	LOOP
0054   0026             
0055   0026             	.end
0056   0026             
tasm: Number of errors = 0
